The target system is: Android - 1 - armv7-a
The host system is: Linux - 5.15.65+ - x86_64
Compiling the C compiler identification source file "CMakeCCompilerId.c" succeeded.
Compiler: /home/finzarosalia14/android-ndk-r25c/toolchains/llvm/prebuilt/linux-x86_64/bin/clang 
Build flags: -g;-DANDROID;-fdata-sections;-ffunction-sections;-funwind-tables;-fstack-protector-strong;-no-canonical-prefixes;-D_FORTIFY_SOURCE=2;-march=armv7-a;-mthumb;-Wformat;-Werror=format-security;
Id flags: -c;--target=armv7-none-linux-androideabi23 

The output was:
0


Compilation of the C compiler identification source "CMakeCCompilerId.c" produced "CMakeCCompilerId.o"

The C compiler identification is Clang, found in "/home/finzarosalia14/Unity-ImGUI-Android/build/armeabi-v7a/CMakeFiles/3.25.2/CompilerIdC/CMakeCCompilerId.o"

Compiling the CXX compiler identification source file "CMakeCXXCompilerId.cpp" succeeded.
Compiler: /home/finzarosalia14/android-ndk-r25c/toolchains/llvm/prebuilt/linux-x86_64/bin/clang++ 
Build flags: -g;-DANDROID;-fdata-sections;-ffunction-sections;-funwind-tables;-fstack-protector-strong;-no-canonical-prefixes;-D_FORTIFY_SOURCE=2;-march=armv7-a;-mthumb;-Wformat;-Werror=format-security;;
Id flags: -c;--target=armv7-none-linux-androideabi23 

The output was:
0


Compilation of the CXX compiler identification source "CMakeCXXCompilerId.cpp" produced "CMakeCXXCompilerId.o"

The CXX compiler identification is Clang, found in "/home/finzarosalia14/Unity-ImGUI-Android/build/armeabi-v7a/CMakeFiles/3.25.2/CompilerIdCXX/CMakeCXXCompilerId.o"

Detecting C compiler ABI info compiled with the following output:
Change Dir: /home/finzarosalia14/Unity-ImGUI-Android/build/armeabi-v7a/CMakeFiles/CMakeScratch/TryCompile-Une6zS

Run Build Command(s):/usr/bin/ninja cmTC_8ac1b && [1/2] Building C object CMakeFiles/cmTC_8ac1b.dir/CMakeCCompilerABI.c.o
Android (9352603, based on r450784d1) clang version 14.0.7 (https://android.googlesource.com/toolchain/llvm-project 4c603efb0cca074e9238af8b4106c30add4418f6)
Target: armv7-none-linux-android23
Thread model: posix
InstalledDir: /home/finzarosalia14/android-ndk-r25c/toolchains/llvm/prebuilt/linux-x86_64/bin
 (in-process)
 "/home/finzarosalia14/android-ndk-r25c/toolchains/llvm/prebuilt/linux-x86_64/bin/clang" -cc1 -triple thumbv7-none-linux-android23 -emit-obj -mrelax-all --mrelax-relocations -disable-free -clear-ast-before-backend -disable-llvm-verifier -discard-value-names -main-file-name CMakeCCompilerABI.c -mrelocation-model pic -pic-level 2 -pic-is-pie -mframe-pointer=all -ffp-contract=on -fno-rounding-math -mconstructor-aliases -funwind-tables=1 -target-cpu generic -target-feature +soft-float-abi -target-feature +vfp2 -target-feature +vfp2sp -target-feature +vfp3 -target-feature +vfp3d16 -target-feature +vfp3d16sp -target-feature +vfp3sp -target-feature -fp16 -target-feature -vfp4 -target-feature -vfp4d16 -target-feature -vfp4d16sp -target-feature -vfp4sp -target-feature -fp-armv8 -target-feature -fp-armv8d16 -target-feature -fp-armv8d16sp -target-feature -fp-armv8sp -target-feature -fullfp16 -target-feature +fp64 -target-feature +d32 -target-feature +neon -target-feature -sha2 -target-feature -aes -target-feature -fp16fml -target-abi aapcs-linux -mfloat-abi soft -fallow-half-arguments-and-returns -mllvm -treat-scalable-fixed-error-as-warning -debug-info-kind=constructor -dwarf-version=4 -debugger-tuning=gdb -v -ffunction-sections -fdata-sections -fcoverage-compilation-dir=/home/finzarosalia14/Unity-ImGUI-Android/build/armeabi-v7a/CMakeFiles/CMakeScratch/TryCompile-Une6zS -resource-dir /home/finzarosalia14/android-ndk-r25c/toolchains/llvm/prebuilt/linux-x86_64/lib64/clang/14.0.7 -dependency-file CMakeFiles/cmTC_8ac1b.dir/CMakeCCompilerABI.c.o.d -MT CMakeFiles/cmTC_8ac1b.dir/CMakeCCompilerABI.c.o -sys-header-deps -D ANDROID -D _FORTIFY_SOURCE=2 -isysroot /home/finzarosalia14/android-ndk-r25c/toolchains/llvm/prebuilt/linux-x86_64/sysroot -internal-isystem /home/finzarosalia14/android-ndk-r25c/toolchains/llvm/prebuilt/linux-x86_64/lib64/clang/14.0.7/include -internal-isystem /home/finzarosalia14/android-ndk-r25c/toolchains/llvm/prebuilt/linux-x86_64/sysroot/usr/local/include -internal-externc-isystem /home/finzarosalia14/android-ndk-r25c/toolchains/llvm/prebuilt/linux-x86_64/sysroot/usr/include/arm-linux-androideabi -internal-externc-isystem /home/finzarosalia14/android-ndk-r25c/toolchains/llvm/prebuilt/linux-x86_64/sysroot/include -internal-externc-isystem /home/finzarosalia14/android-ndk-r25c/toolchains/llvm/prebuilt/linux-x86_64/sysroot/usr/include -Wformat -fdebug-compilation-dir=/home/finzarosalia14/Unity-ImGUI-Android/build/armeabi-v7a/CMakeFiles/CMakeScratch/TryCompile-Une6zS -ferror-limit 19 -stack-protector 2 -fno-signed-char -fgnuc-version=4.2.1 -D__GCC_HAVE_DWARF2_CFI_ASM=1 -o CMakeFiles/cmTC_8ac1b.dir/CMakeCCompilerABI.c.o -x c /home/finzarosalia14/cmake-3.25.2-linux-x86_64/share/cmake-3.25/Modules/CMakeCCompilerABI.c
clang -cc1 version 14.0.7 based upon LLVM 14.0.7git default target x86_64-unknown-linux-gnu
ignoring nonexistent directory "/home/finzarosalia14/android-ndk-r25c/toolchains/llvm/prebuilt/linux-x86_64/sysroot/include"
#include "..." search starts here:
#include <...> search starts here:
 /home/finzarosalia14/android-ndk-r25c/toolchains/llvm/prebuilt/linux-x86_64/lib64/clang/14.0.7/include
 /home/finzarosalia14/android-ndk-r25c/toolchains/llvm/prebuilt/linux-x86_64/sysroot/usr/local/include
 /home/finzarosalia14/android-ndk-r25c/toolchains/llvm/prebuilt/linux-x86_64/sysroot/usr/include/arm-linux-androideabi
 /home/finzarosalia14/android-ndk-r25c/toolchains/llvm/prebuilt/linux-x86_64/sysroot/usr/include
End of search list.
[2/2] Linking C executable cmTC_8ac1b
Android (9352603, based on r450784d1) clang version 14.0.7 (https://android.googlesource.com/toolchain/llvm-project 4c603efb0cca074e9238af8b4106c30add4418f6)
Target: armv7-none-linux-android23
Thread model: posix
InstalledDir: /home/finzarosalia14/android-ndk-r25c/toolchains/llvm/prebuilt/linux-x86_64/bin
 "/home/finzarosalia14/android-ndk-r25c/toolchains/llvm/prebuilt/linux-x86_64/bin/ld" --sysroot=/home/finzarosalia14/android-ndk-r25c/toolchains/llvm/prebuilt/linux-x86_64/sysroot -pie -EL --warn-shared-textrel -z now -z relro -z max-page-size=4096 -X --hash-style=gnu --hash-style=both --enable-new-dtags --eh-frame-hdr -m armelf_linux_eabi -dynamic-linker /system/bin/linker -o cmTC_8ac1b /home/finzarosalia14/android-ndk-r25c/toolchains/llvm/prebuilt/linux-x86_64/sysroot/usr/lib/arm-linux-androideabi/23/crtbegin_dynamic.o -L/home/finzarosalia14/android-ndk-r25c/toolchains/llvm/prebuilt/linux-x86_64/lib64/clang/14.0.7/lib/linux/arm -L/home/finzarosalia14/android-ndk-r25c/toolchains/llvm/prebuilt/linux-x86_64/sysroot/usr/lib/arm-linux-androideabi/23 -L/home/finzarosalia14/android-ndk-r25c/toolchains/llvm/prebuilt/linux-x86_64/sysroot/usr/lib/arm-linux-androideabi -L/home/finzarosalia14/android-ndk-r25c/toolchains/llvm/prebuilt/linux-x86_64/sysroot/usr/lib/../lib -L/home/finzarosalia14/android-ndk-r25c/toolchains/llvm/prebuilt/linux-x86_64/sysroot/usr/lib --build-id=sha1 --no-rosegment --fatal-warnings --no-undefined CMakeFiles/cmTC_8ac1b.dir/CMakeCCompilerABI.c.o /home/finzarosalia14/android-ndk-r25c/toolchains/llvm/prebuilt/linux-x86_64/lib64/clang/14.0.7/lib/linux/libclang_rt.builtins-arm-android.a -l:libunwind.a -ldl -lc /home/finzarosalia14/android-ndk-r25c/toolchains/llvm/prebuilt/linux-x86_64/lib64/clang/14.0.7/lib/linux/libclang_rt.builtins-arm-android.a -l:libunwind.a -ldl /home/finzarosalia14/android-ndk-r25c/toolchains/llvm/prebuilt/linux-x86_64/sysroot/usr/lib/arm-linux-androideabi/23/crtend_android.o



Parsed C implicit include dir info from above output: rv=done
  found start of include info
  found start of implicit include info
    add: [/home/finzarosalia14/android-ndk-r25c/toolchains/llvm/prebuilt/linux-x86_64/lib64/clang/14.0.7/include]
    add: [/home/finzarosalia14/android-ndk-r25c/toolchains/llvm/prebuilt/linux-x86_64/sysroot/usr/local/include]
    add: [/home/finzarosalia14/android-ndk-r25c/toolchains/llvm/prebuilt/linux-x86_64/sysroot/usr/include/arm-linux-androideabi]
    add: [/home/finzarosalia14/android-ndk-r25c/toolchains/llvm/prebuilt/linux-x86_64/sysroot/usr/include]
  end of search list found
  collapse include dir [/home/finzarosalia14/android-ndk-r25c/toolchains/llvm/prebuilt/linux-x86_64/lib64/clang/14.0.7/include] ==> [/home/finzarosalia14/android-ndk-r25c/toolchains/llvm/prebuilt/linux-x86_64/lib64/clang/14.0.7/include]
  collapse include dir [/home/finzarosalia14/android-ndk-r25c/toolchains/llvm/prebuilt/linux-x86_64/sysroot/usr/local/include] ==> [/home/finzarosalia14/android-ndk-r25c/toolchains/llvm/prebuilt/linux-x86_64/sysroot/usr/local/include]
  collapse include dir [/home/finzarosalia14/android-ndk-r25c/toolchains/llvm/prebuilt/linux-x86_64/sysroot/usr/include/arm-linux-androideabi] ==> [/home/finzarosalia14/android-ndk-r25c/toolchains/llvm/prebuilt/linux-x86_64/sysroot/usr/include/arm-linux-androideabi]
  collapse include dir [/home/finzarosalia14/android-ndk-r25c/toolchains/llvm/prebuilt/linux-x86_64/sysroot/usr/include] ==> [/home/finzarosalia14/android-ndk-r25c/toolchains/llvm/prebuilt/linux-x86_64/sysroot/usr/include]
  implicit include dirs: [/home/finzarosalia14/android-ndk-r25c/toolchains/llvm/prebuilt/linux-x86_64/lib64/clang/14.0.7/include;/home/finzarosalia14/android-ndk-r25c/toolchains/llvm/prebuilt/linux-x86_64/sysroot/usr/local/include;/home/finzarosalia14/android-ndk-r25c/toolchains/llvm/prebuilt/linux-x86_64/sysroot/usr/include/arm-linux-androideabi;/home/finzarosalia14/android-ndk-r25c/toolchains/llvm/prebuilt/linux-x86_64/sysroot/usr/include]


Parsed C implicit link information from above output:
  link line regex: [^( *|.*[/\])(ld\.lld|CMAKE_LINK_STARTFILE-NOTFOUND|([^/\]+-)?ld|collect2)[^/\]*( |$)]
  ignore line: [Change Dir: /home/finzarosalia14/Unity-ImGUI-Android/build/armeabi-v7a/CMakeFiles/CMakeScratch/TryCompile-Une6zS]
  ignore line: []
  ignore line: [Run Build Command(s):/usr/bin/ninja cmTC_8ac1b && [1/2] Building C object CMakeFiles/cmTC_8ac1b.dir/CMakeCCompilerABI.c.o]
  ignore line: [Android (9352603  based on r450784d1) clang version 14.0.7 (https://android.googlesource.com/toolchain/llvm-project 4c603efb0cca074e9238af8b4106c30add4418f6)]
  ignore line: [Target: armv7-none-linux-android23]
  ignore line: [Thread model: posix]
  ignore line: [InstalledDir: /home/finzarosalia14/android-ndk-r25c/toolchains/llvm/prebuilt/linux-x86_64/bin]
  ignore line: [ (in-process)]
  ignore line: [ "/home/finzarosalia14/android-ndk-r25c/toolchains/llvm/prebuilt/linux-x86_64/bin/clang" -cc1 -triple thumbv7-none-linux-android23 -emit-obj -mrelax-all --mrelax-relocations -disable-free -clear-ast-before-backend -disable-llvm-verifier -discard-value-names -main-file-name CMakeCCompilerABI.c -mrelocation-model pic -pic-level 2 -pic-is-pie -mframe-pointer=all -ffp-contract=on -fno-rounding-math -mconstructor-aliases -funwind-tables=1 -target-cpu generic -target-feature +soft-float-abi -target-feature +vfp2 -target-feature +vfp2sp -target-feature +vfp3 -target-feature +vfp3d16 -target-feature +vfp3d16sp -target-feature +vfp3sp -target-feature -fp16 -target-feature -vfp4 -target-feature -vfp4d16 -target-feature -vfp4d16sp -target-feature -vfp4sp -target-feature -fp-armv8 -target-feature -fp-armv8d16 -target-feature -fp-armv8d16sp -target-feature -fp-armv8sp -target-feature -fullfp16 -target-feature +fp64 -target-feature +d32 -target-feature +neon -target-feature -sha2 -target-feature -aes -target-feature -fp16fml -target-abi aapcs-linux -mfloat-abi soft -fallow-half-arguments-and-returns -mllvm -treat-scalable-fixed-error-as-warning -debug-info-kind=constructor -dwarf-version=4 -debugger-tuning=gdb -v -ffunction-sections -fdata-sections -fcoverage-compilation-dir=/home/finzarosalia14/Unity-ImGUI-Android/build/armeabi-v7a/CMakeFiles/CMakeScratch/TryCompile-Une6zS -resource-dir /home/finzarosalia14/android-ndk-r25c/toolchains/llvm/prebuilt/linux-x86_64/lib64/clang/14.0.7 -dependency-file CMakeFiles/cmTC_8ac1b.dir/CMakeCCompilerABI.c.o.d -MT CMakeFiles/cmTC_8ac1b.dir/CMakeCCompilerABI.c.o -sys-header-deps -D ANDROID -D _FORTIFY_SOURCE=2 -isysroot /home/finzarosalia14/android-ndk-r25c/toolchains/llvm/prebuilt/linux-x86_64/sysroot -internal-isystem /home/finzarosalia14/android-ndk-r25c/toolchains/llvm/prebuilt/linux-x86_64/lib64/clang/14.0.7/include -internal-isystem /home/finzarosalia14/android-ndk-r25c/toolchains/llvm/prebuilt/linux-x86_64/sysroot/usr/local/include -internal-externc-isystem /home/finzarosalia14/android-ndk-r25c/toolchains/llvm/prebuilt/linux-x86_64/sysroot/usr/include/arm-linux-androideabi -internal-externc-isystem /home/finzarosalia14/android-ndk-r25c/toolchains/llvm/prebuilt/linux-x86_64/sysroot/include -internal-externc-isystem /home/finzarosalia14/android-ndk-r25c/toolchains/llvm/prebuilt/linux-x86_64/sysroot/usr/include -Wformat -fdebug-compilation-dir=/home/finzarosalia14/Unity-ImGUI-Android/build/armeabi-v7a/CMakeFiles/CMakeScratch/TryCompile-Une6zS -ferror-limit 19 -stack-protector 2 -fno-signed-char -fgnuc-version=4.2.1 -D__GCC_HAVE_DWARF2_CFI_ASM=1 -o CMakeFiles/cmTC_8ac1b.dir/CMakeCCompilerABI.c.o -x c /home/finzarosalia14/cmake-3.25.2-linux-x86_64/share/cmake-3.25/Modules/CMakeCCompilerABI.c]
  ignore line: [clang -cc1 version 14.0.7 based upon LLVM 14.0.7git default target x86_64-unknown-linux-gnu]
  ignore line: [ignoring nonexistent directory "/home/finzarosalia14/android-ndk-r25c/toolchains/llvm/prebuilt/linux-x86_64/sysroot/include"]
  ignore line: [#include "..." search starts here:]
  ignore line: [#include <...> search starts here:]
  ignore line: [ /home/finzarosalia14/android-ndk-r25c/toolchains/llvm/prebuilt/linux-x86_64/lib64/clang/14.0.7/include]
  ignore line: [ /home/finzarosalia14/android-ndk-r25c/toolchains/llvm/prebuilt/linux-x86_64/sysroot/usr/local/include]
  ignore line: [ /home/finzarosalia14/android-ndk-r25c/toolchains/llvm/prebuilt/linux-x86_64/sysroot/usr/include/arm-linux-androideabi]
  ignore line: [ /home/finzarosalia14/android-ndk-r25c/toolchains/llvm/prebuilt/linux-x86_64/sysroot/usr/include]
  ignore line: [End of search list.]
  ignore line: [[2/2] Linking C executable cmTC_8ac1b]
  ignore line: [Android (9352603  based on r450784d1) clang version 14.0.7 (https://android.googlesource.com/toolchain/llvm-project 4c603efb0cca074e9238af8b4106c30add4418f6)]
  ignore line: [Target: armv7-none-linux-android23]
  ignore line: [Thread model: posix]
  ignore line: [InstalledDir: /home/finzarosalia14/android-ndk-r25c/toolchains/llvm/prebuilt/linux-x86_64/bin]
  link line: [ "/home/finzarosalia14/android-ndk-r25c/toolchains/llvm/prebuilt/linux-x86_64/bin/ld" --sysroot=/home/finzarosalia14/android-ndk-r25c/toolchains/llvm/prebuilt/linux-x86_64/sysroot -pie -EL --warn-shared-textrel -z now -z relro -z max-page-size=4096 -X --hash-style=gnu --hash-style=both --enable-new-dtags --eh-frame-hdr -m armelf_linux_eabi -dynamic-linker /system/bin/linker -o cmTC_8ac1b /home/finzarosalia14/android-ndk-r25c/toolchains/llvm/prebuilt/linux-x86_64/sysroot/usr/lib/arm-linux-androideabi/23/crtbegin_dynamic.o -L/home/finzarosalia14/android-ndk-r25c/toolchains/llvm/prebuilt/linux-x86_64/lib64/clang/14.0.7/lib/linux/arm -L/home/finzarosalia14/android-ndk-r25c/toolchains/llvm/prebuilt/linux-x86_64/sysroot/usr/lib/arm-linux-androideabi/23 -L/home/finzarosalia14/android-ndk-r25c/toolchains/llvm/prebuilt/linux-x86_64/sysroot/usr/lib/arm-linux-androideabi -L/home/finzarosalia14/android-ndk-r25c/toolchains/llvm/prebuilt/linux-x86_64/sysroot/usr/lib/../lib -L/home/finzarosalia14/android-ndk-r25c/toolchains/llvm/prebuilt/linux-x86_64/sysroot/usr/lib --build-id=sha1 --no-rosegment --fatal-warnings --no-undefined CMakeFiles/cmTC_8ac1b.dir/CMakeCCompilerABI.c.o /home/finzarosalia14/android-ndk-r25c/toolchains/llvm/prebuilt/linux-x86_64/lib64/clang/14.0.7/lib/linux/libclang_rt.builtins-arm-android.a -l:libunwind.a -ldl -lc /home/finzarosalia14/android-ndk-r25c/toolchains/llvm/prebuilt/linux-x86_64/lib64/clang/14.0.7/lib/linux/libclang_rt.builtins-arm-android.a -l:libunwind.a -ldl /home/finzarosalia14/android-ndk-r25c/toolchains/llvm/prebuilt/linux-x86_64/sysroot/usr/lib/arm-linux-androideabi/23/crtend_android.o]
    arg [/home/finzarosalia14/android-ndk-r25c/toolchains/llvm/prebuilt/linux-x86_64/bin/ld] ==> ignore
    arg [--sysroot=/home/finzarosalia14/android-ndk-r25c/toolchains/llvm/prebuilt/linux-x86_64/sysroot] ==> ignore
    arg [-pie] ==> ignore
    arg [-EL] ==> ignore
    arg [--warn-shared-textrel] ==> ignore
    arg [-znow] ==> ignore
    arg [-zrelro] ==> ignore
    arg [-zmax-page-size=4096] ==> ignore
    arg [-X] ==> ignore
    arg [--hash-style=gnu] ==> ignore
    arg [--hash-style=both] ==> ignore
    arg [--enable-new-dtags] ==> ignore
    arg [--eh-frame-hdr] ==> ignore
    arg [-m] ==> ignore
    arg [armelf_linux_eabi] ==> ignore
    arg [-dynamic-linker] ==> ignore
    arg [/system/bin/linker] ==> ignore
    arg [-o] ==> ignore
    arg [cmTC_8ac1b] ==> ignore
    arg [/home/finzarosalia14/android-ndk-r25c/toolchains/llvm/prebuilt/linux-x86_64/sysroot/usr/lib/arm-linux-androideabi/23/crtbegin_dynamic.o] ==> obj [/home/finzarosalia14/android-ndk-r25c/toolchains/llvm/prebuilt/linux-x86_64/sysroot/usr/lib/arm-linux-androideabi/23/crtbegin_dynamic.o]
    arg [-L/home/finzarosalia14/android-ndk-r25c/toolchains/llvm/prebuilt/linux-x86_64/lib64/clang/14.0.7/lib/linux/arm] ==> dir [/home/finzarosalia14/android-ndk-r25c/toolchains/llvm/prebuilt/linux-x86_64/lib64/clang/14.0.7/lib/linux/arm]
    arg [-L/home/finzarosalia14/android-ndk-r25c/toolchains/llvm/prebuilt/linux-x86_64/sysroot/usr/lib/arm-linux-androideabi/23] ==> dir [/home/finzarosalia14/android-ndk-r25c/toolchains/llvm/prebuilt/linux-x86_64/sysroot/usr/lib/arm-linux-androideabi/23]
    arg [-L/home/finzarosalia14/android-ndk-r25c/toolchains/llvm/prebuilt/linux-x86_64/sysroot/usr/lib/arm-linux-androideabi] ==> dir [/home/finzarosalia14/android-ndk-r25c/toolchains/llvm/prebuilt/linux-x86_64/sysroot/usr/lib/arm-linux-androideabi]
    arg [-L/home/finzarosalia14/android-ndk-r25c/toolchains/llvm/prebuilt/linux-x86_64/sysroot/usr/lib/../lib] ==> dir [/home/finzarosalia14/android-ndk-r25c/toolchains/llvm/prebuilt/linux-x86_64/sysroot/usr/lib/../lib]
    arg [-L/home/finzarosalia14/android-ndk-r25c/toolchains/llvm/prebuilt/linux-x86_64/sysroot/usr/lib] ==> dir [/home/finzarosalia14/android-ndk-r25c/toolchains/llvm/prebuilt/linux-x86_64/sysroot/usr/lib]
    arg [--build-id=sha1] ==> ignore
    arg [--no-rosegment] ==> ignore
    arg [--fatal-warnings] ==> ignore
    arg [--no-undefined] ==> ignore
    arg [CMakeFiles/cmTC_8ac1b.dir/CMakeCCompilerABI.c.o] ==> ignore
    arg [/home/finzarosalia14/android-ndk-r25c/toolchains/llvm/prebuilt/linux-x86_64/lib64/clang/14.0.7/lib/linux/libclang_rt.builtins-arm-android.a] ==> lib [/home/finzarosalia14/android-ndk-r25c/toolchains/llvm/prebuilt/linux-x86_64/lib64/clang/14.0.7/lib/linux/libclang_rt.builtins-arm-android.a]
    arg [-l:libunwind.a] ==> lib [-l:libunwind.a]
    arg [-ldl] ==> lib [dl]
    arg [-lc] ==> lib [c]
    arg [/home/finzarosalia14/android-ndk-r25c/toolchains/llvm/prebuilt/linux-x86_64/lib64/clang/14.0.7/lib/linux/libclang_rt.builtins-arm-android.a] ==> lib [/home/finzarosalia14/android-ndk-r25c/toolchains/llvm/prebuilt/linux-x86_64/lib64/clang/14.0.7/lib/linux/libclang_rt.builtins-arm-android.a]
    arg [-l:libunwind.a] ==> lib [-l:libunwind.a]
    arg [-ldl] ==> lib [dl]
    arg [/home/finzarosalia14/android-ndk-r25c/toolchains/llvm/prebuilt/linux-x86_64/sysroot/usr/lib/arm-linux-androideabi/23/crtend_android.o] ==> obj [/home/finzarosalia14/android-ndk-r25c/toolchains/llvm/prebuilt/linux-x86_64/sysroot/usr/lib/arm-linux-androideabi/23/crtend_android.o]
  remove lib [/home/finzarosalia14/android-ndk-r25c/toolchains/llvm/prebuilt/linux-x86_64/lib64/clang/14.0.7/lib/linux/libclang_rt.builtins-arm-android.a]
  remove lib [/home/finzarosalia14/android-ndk-r25c/toolchains/llvm/prebuilt/linux-x86_64/lib64/clang/14.0.7/lib/linux/libclang_rt.builtins-arm-android.a]
  collapse library dir [/home/finzarosalia14/android-ndk-r25c/toolchains/llvm/prebuilt/linux-x86_64/lib64/clang/14.0.7/lib/linux/arm] ==> [/home/finzarosalia14/android-ndk-r25c/toolchains/llvm/prebuilt/linux-x86_64/lib64/clang/14.0.7/lib/linux/arm]
  collapse library dir [/home/finzarosalia14/android-ndk-r25c/toolchains/llvm/prebuilt/linux-x86_64/sysroot/usr/lib/arm-linux-androideabi/23] ==> [/home/finzarosalia14/android-ndk-r25c/toolchains/llvm/prebuilt/linux-x86_64/sysroot/usr/lib/arm-linux-androideabi/23]
  collapse library dir [/home/finzarosalia14/android-ndk-r25c/toolchains/llvm/prebuilt/linux-x86_64/sysroot/usr/lib/arm-linux-androideabi] ==> [/home/finzarosalia14/android-ndk-r25c/toolchains/llvm/prebuilt/linux-x86_64/sysroot/usr/lib/arm-linux-androideabi]
  collapse library dir [/home/finzarosalia14/android-ndk-r25c/toolchains/llvm/prebuilt/linux-x86_64/sysroot/usr/lib/../lib] ==> [/home/finzarosalia14/android-ndk-r25c/toolchains/llvm/prebuilt/linux-x86_64/sysroot/usr/lib]
  collapse library dir [/home/finzarosalia14/android-ndk-r25c/toolchains/llvm/prebuilt/linux-x86_64/sysroot/usr/lib] ==> [/home/finzarosalia14/android-ndk-r25c/toolchains/llvm/prebuilt/linux-x86_64/sysroot/usr/lib]
  implicit libs: [-l:libunwind.a;dl;c;-l:libunwind.a;dl]
  implicit objs: [/home/finzarosalia14/android-ndk-r25c/toolchains/llvm/prebuilt/linux-x86_64/sysroot/usr/lib/arm-linux-androideabi/23/crtbegin_dynamic.o;/home/finzarosalia14/android-ndk-r25c/toolchains/llvm/prebuilt/linux-x86_64/sysroot/usr/lib/arm-linux-androideabi/23/crtend_android.o]
  implicit dirs: [/home/finzarosalia14/android-ndk-r25c/toolchains/llvm/prebuilt/linux-x86_64/lib64/clang/14.0.7/lib/linux/arm;/home/finzarosalia14/android-ndk-r25c/toolchains/llvm/prebuilt/linux-x86_64/sysroot/usr/lib/arm-linux-androideabi/23;/home/finzarosalia14/android-ndk-r25c/toolchains/llvm/prebuilt/linux-x86_64/sysroot/usr/lib/arm-linux-androideabi;/home/finzarosalia14/android-ndk-r25c/toolchains/llvm/prebuilt/linux-x86_64/sysroot/usr/lib]
  implicit fwks: []


Detecting CXX compiler ABI info compiled with the following output:
Change Dir: /home/finzarosalia14/Unity-ImGUI-Android/build/armeabi-v7a/CMakeFiles/CMakeScratch/TryCompile-p8xmtT

Run Build Command(s):/usr/bin/ninja cmTC_be181 && [1/2] Building CXX object CMakeFiles/cmTC_be181.dir/CMakeCXXCompilerABI.cpp.o
Android (9352603, based on r450784d1) clang version 14.0.7 (https://android.googlesource.com/toolchain/llvm-project 4c603efb0cca074e9238af8b4106c30add4418f6)
Target: armv7-none-linux-android23
Thread model: posix
InstalledDir: /home/finzarosalia14/android-ndk-r25c/toolchains/llvm/prebuilt/linux-x86_64/bin
 (in-process)
 "/home/finzarosalia14/android-ndk-r25c/toolchains/llvm/prebuilt/linux-x86_64/bin/clang++" -cc1 -triple thumbv7-none-linux-android23 -emit-obj -mrelax-all --mrelax-relocations -disable-free -clear-ast-before-backend -disable-llvm-verifier -discard-value-names -main-file-name CMakeCXXCompilerABI.cpp -mrelocation-model pic -pic-level 2 -pic-is-pie -mframe-pointer=all -ffp-contract=on -fno-rounding-math -mconstructor-aliases -funwind-tables=1 -target-cpu generic -target-feature +soft-float-abi -target-feature +vfp2 -target-feature +vfp2sp -target-feature +vfp3 -target-feature +vfp3d16 -target-feature +vfp3d16sp -target-feature +vfp3sp -target-feature -fp16 -target-feature -vfp4 -target-feature -vfp4d16 -target-feature -vfp4d16sp -target-feature -vfp4sp -target-feature -fp-armv8 -target-feature -fp-armv8d16 -target-feature -fp-armv8d16sp -target-feature -fp-armv8sp -target-feature -fullfp16 -target-feature +fp64 -target-feature +d32 -target-feature +neon -target-feature -sha2 -target-feature -aes -target-feature -fp16fml -target-abi aapcs-linux -mfloat-abi soft -fallow-half-arguments-and-returns -mllvm -treat-scalable-fixed-error-as-warning -debug-info-kind=constructor -dwarf-version=4 -debugger-tuning=gdb -v -ffunction-sections -fdata-sections -fcoverage-compilation-dir=/home/finzarosalia14/Unity-ImGUI-Android/build/armeabi-v7a/CMakeFiles/CMakeScratch/TryCompile-p8xmtT -resource-dir /home/finzarosalia14/android-ndk-r25c/toolchains/llvm/prebuilt/linux-x86_64/lib64/clang/14.0.7 -dependency-file CMakeFiles/cmTC_be181.dir/CMakeCXXCompilerABI.cpp.o.d -MT CMakeFiles/cmTC_be181.dir/CMakeCXXCompilerABI.cpp.o -sys-header-deps -D ANDROID -D _FORTIFY_SOURCE=2 -isysroot /home/finzarosalia14/android-ndk-r25c/toolchains/llvm/prebuilt/linux-x86_64/sysroot -internal-isystem /home/finzarosalia14/android-ndk-r25c/toolchains/llvm/prebuilt/linux-x86_64/sysroot/usr/include/c++/v1 -internal-isystem /home/finzarosalia14/android-ndk-r25c/toolchains/llvm/prebuilt/linux-x86_64/lib64/clang/14.0.7/include -internal-isystem /home/finzarosalia14/android-ndk-r25c/toolchains/llvm/prebuilt/linux-x86_64/sysroot/usr/local/include -internal-externc-isystem /home/finzarosalia14/android-ndk-r25c/toolchains/llvm/prebuilt/linux-x86_64/sysroot/usr/include/arm-linux-androideabi -internal-externc-isystem /home/finzarosalia14/android-ndk-r25c/toolchains/llvm/prebuilt/linux-x86_64/sysroot/include -internal-externc-isystem /home/finzarosalia14/android-ndk-r25c/toolchains/llvm/prebuilt/linux-x86_64/sysroot/usr/include -Wformat -fdeprecated-macro -fdebug-compilation-dir=/home/finzarosalia14/Unity-ImGUI-Android/build/armeabi-v7a/CMakeFiles/CMakeScratch/TryCompile-p8xmtT -ferror-limit 19 -stack-protector 2 -fno-signed-char -fgnuc-version=4.2.1 -fcxx-exceptions -fexceptions -D__GCC_HAVE_DWARF2_CFI_ASM=1 -o CMakeFiles/cmTC_be181.dir/CMakeCXXCompilerABI.cpp.o -x c++ /home/finzarosalia14/cmake-3.25.2-linux-x86_64/share/cmake-3.25/Modules/CMakeCXXCompilerABI.cpp
clang -cc1 version 14.0.7 based upon LLVM 14.0.7git default target x86_64-unknown-linux-gnu
ignoring nonexistent directory "/home/finzarosalia14/android-ndk-r25c/toolchains/llvm/prebuilt/linux-x86_64/sysroot/include"
#include "..." search starts here:
#include <...> search starts here:
 /home/finzarosalia14/android-ndk-r25c/toolchains/llvm/prebuilt/linux-x86_64/sysroot/usr/include/c++/v1
 /home/finzarosalia14/android-ndk-r25c/toolchains/llvm/prebuilt/linux-x86_64/lib64/clang/14.0.7/include
 /home/finzarosalia14/android-ndk-r25c/toolchains/llvm/prebuilt/linux-x86_64/sysroot/usr/local/include
 /home/finzarosalia14/android-ndk-r25c/toolchains/llvm/prebuilt/linux-x86_64/sysroot/usr/include/arm-linux-androideabi
 /home/finzarosalia14/android-ndk-r25c/toolchains/llvm/prebuilt/linux-x86_64/sysroot/usr/include
End of search list.
[2/2] Linking CXX executable cmTC_be181
Android (9352603, based on r450784d1) clang version 14.0.7 (https://android.googlesource.com/toolchain/llvm-project 4c603efb0cca074e9238af8b4106c30add4418f6)
Target: armv7-none-linux-android23
Thread model: posix
InstalledDir: /home/finzarosalia14/android-ndk-r25c/toolchains/llvm/prebuilt/linux-x86_64/bin
 "/home/finzarosalia14/android-ndk-r25c/toolchains/llvm/prebuilt/linux-x86_64/bin/ld" --sysroot=/home/finzarosalia14/android-ndk-r25c/toolchains/llvm/prebuilt/linux-x86_64/sysroot -pie -EL --warn-shared-textrel -z now -z relro -z max-page-size=4096 -X --hash-style=gnu --hash-style=both --enable-new-dtags --eh-frame-hdr -m armelf_linux_eabi -dynamic-linker /system/bin/linker -o cmTC_be181 /home/finzarosalia14/android-ndk-r25c/toolchains/llvm/prebuilt/linux-x86_64/sysroot/usr/lib/arm-linux-androideabi/23/crtbegin_dynamic.o -L/home/finzarosalia14/android-ndk-r25c/toolchains/llvm/prebuilt/linux-x86_64/lib64/clang/14.0.7/lib/linux/arm -L/home/finzarosalia14/android-ndk-r25c/toolchains/llvm/prebuilt/linux-x86_64/sysroot/usr/lib/arm-linux-androideabi/23 -L/home/finzarosalia14/android-ndk-r25c/toolchains/llvm/prebuilt/linux-x86_64/sysroot/usr/lib/arm-linux-androideabi -L/home/finzarosalia14/android-ndk-r25c/toolchains/llvm/prebuilt/linux-x86_64/sysroot/usr/lib/../lib -L/home/finzarosalia14/android-ndk-r25c/toolchains/llvm/prebuilt/linux-x86_64/sysroot/usr/lib --build-id=sha1 --no-rosegment --fatal-warnings --no-undefined CMakeFiles/cmTC_be181.dir/CMakeCXXCompilerABI.cpp.o -Bstatic -lc++ -Bdynamic -lm /home/finzarosalia14/android-ndk-r25c/toolchains/llvm/prebuilt/linux-x86_64/lib64/clang/14.0.7/lib/linux/libclang_rt.builtins-arm-android.a -l:libunwind.a -ldl -lc /home/finzarosalia14/android-ndk-r25c/toolchains/llvm/prebuilt/linux-x86_64/lib64/clang/14.0.7/lib/linux/libclang_rt.builtins-arm-android.a -l:libunwind.a -ldl /home/finzarosalia14/android-ndk-r25c/toolchains/llvm/prebuilt/linux-x86_64/sysroot/usr/lib/arm-linux-androideabi/23/crtend_android.o



Parsed CXX implicit include dir info from above output: rv=done
  found start of include info
  found start of implicit include info
    add: [/home/finzarosalia14/android-ndk-r25c/toolchains/llvm/prebuilt/linux-x86_64/sysroot/usr/include/c++/v1]
    add: [/home/finzarosalia14/android-ndk-r25c/toolchains/llvm/prebuilt/linux-x86_64/lib64/clang/14.0.7/include]
    add: [/home/finzarosalia14/android-ndk-r25c/toolchains/llvm/prebuilt/linux-x86_64/sysroot/usr/local/include]
    add: [/home/finzarosalia14/android-ndk-r25c/toolchains/llvm/prebuilt/linux-x86_64/sysroot/usr/include/arm-linux-androideabi]
    add: [/home/finzarosalia14/android-ndk-r25c/toolchains/llvm/prebuilt/linux-x86_64/sysroot/usr/include]
  end of search list found
  collapse include dir [/home/finzarosalia14/android-ndk-r25c/toolchains/llvm/prebuilt/linux-x86_64/sysroot/usr/include/c++/v1] ==> [/home/finzarosalia14/android-ndk-r25c/toolchains/llvm/prebuilt/linux-x86_64/sysroot/usr/include/c++/v1]
  collapse include dir [/home/finzarosalia14/android-ndk-r25c/toolchains/llvm/prebuilt/linux-x86_64/lib64/clang/14.0.7/include] ==> [/home/finzarosalia14/android-ndk-r25c/toolchains/llvm/prebuilt/linux-x86_64/lib64/clang/14.0.7/include]
  collapse include dir [/home/finzarosalia14/android-ndk-r25c/toolchains/llvm/prebuilt/linux-x86_64/sysroot/usr/local/include] ==> [/home/finzarosalia14/android-ndk-r25c/toolchains/llvm/prebuilt/linux-x86_64/sysroot/usr/local/include]
  collapse include dir [/home/finzarosalia14/android-ndk-r25c/toolchains/llvm/prebuilt/linux-x86_64/sysroot/usr/include/arm-linux-androideabi] ==> [/home/finzarosalia14/android-ndk-r25c/toolchains/llvm/prebuilt/linux-x86_64/sysroot/usr/include/arm-linux-androideabi]
  collapse include dir [/home/finzarosalia14/android-ndk-r25c/toolchains/llvm/prebuilt/linux-x86_64/sysroot/usr/include] ==> [/home/finzarosalia14/android-ndk-r25c/toolchains/llvm/prebuilt/linux-x86_64/sysroot/usr/include]
  implicit include dirs: [/home/finzarosalia14/android-ndk-r25c/toolchains/llvm/prebuilt/linux-x86_64/sysroot/usr/include/c++/v1;/home/finzarosalia14/android-ndk-r25c/toolchains/llvm/prebuilt/linux-x86_64/lib64/clang/14.0.7/include;/home/finzarosalia14/android-ndk-r25c/toolchains/llvm/prebuilt/linux-x86_64/sysroot/usr/local/include;/home/finzarosalia14/android-ndk-r25c/toolchains/llvm/prebuilt/linux-x86_64/sysroot/usr/include/arm-linux-androideabi;/home/finzarosalia14/android-ndk-r25c/toolchains/llvm/prebuilt/linux-x86_64/sysroot/usr/include]


Parsed CXX implicit link information from above output:
  link line regex: [^( *|.*[/\])(ld\.lld|CMAKE_LINK_STARTFILE-NOTFOUND|([^/\]+-)?ld|collect2)[^/\]*( |$)]
  ignore line: [Change Dir: /home/finzarosalia14/Unity-ImGUI-Android/build/armeabi-v7a/CMakeFiles/CMakeScratch/TryCompile-p8xmtT]
  ignore line: []
  ignore line: [Run Build Command(s):/usr/bin/ninja cmTC_be181 && [1/2] Building CXX object CMakeFiles/cmTC_be181.dir/CMakeCXXCompilerABI.cpp.o]
  ignore line: [Android (9352603  based on r450784d1) clang version 14.0.7 (https://android.googlesource.com/toolchain/llvm-project 4c603efb0cca074e9238af8b4106c30add4418f6)]
  ignore line: [Target: armv7-none-linux-android23]
  ignore line: [Thread model: posix]
  ignore line: [InstalledDir: /home/finzarosalia14/android-ndk-r25c/toolchains/llvm/prebuilt/linux-x86_64/bin]
  ignore line: [ (in-process)]
  ignore line: [ "/home/finzarosalia14/android-ndk-r25c/toolchains/llvm/prebuilt/linux-x86_64/bin/clang++" -cc1 -triple thumbv7-none-linux-android23 -emit-obj -mrelax-all --mrelax-relocations -disable-free -clear-ast-before-backend -disable-llvm-verifier -discard-value-names -main-file-name CMakeCXXCompilerABI.cpp -mrelocation-model pic -pic-level 2 -pic-is-pie -mframe-pointer=all -ffp-contract=on -fno-rounding-math -mconstructor-aliases -funwind-tables=1 -target-cpu generic -target-feature +soft-float-abi -target-feature +vfp2 -target-feature +vfp2sp -target-feature +vfp3 -target-feature +vfp3d16 -target-feature +vfp3d16sp -target-feature +vfp3sp -target-feature -fp16 -target-feature -vfp4 -target-feature -vfp4d16 -target-feature -vfp4d16sp -target-feature -vfp4sp -target-feature -fp-armv8 -target-feature -fp-armv8d16 -target-feature -fp-armv8d16sp -target-feature -fp-armv8sp -target-feature -fullfp16 -target-feature +fp64 -target-feature +d32 -target-feature +neon -target-feature -sha2 -target-feature -aes -target-feature -fp16fml -target-abi aapcs-linux -mfloat-abi soft -fallow-half-arguments-and-returns -mllvm -treat-scalable-fixed-error-as-warning -debug-info-kind=constructor -dwarf-version=4 -debugger-tuning=gdb -v -ffunction-sections -fdata-sections -fcoverage-compilation-dir=/home/finzarosalia14/Unity-ImGUI-Android/build/armeabi-v7a/CMakeFiles/CMakeScratch/TryCompile-p8xmtT -resource-dir /home/finzarosalia14/android-ndk-r25c/toolchains/llvm/prebuilt/linux-x86_64/lib64/clang/14.0.7 -dependency-file CMakeFiles/cmTC_be181.dir/CMakeCXXCompilerABI.cpp.o.d -MT CMakeFiles/cmTC_be181.dir/CMakeCXXCompilerABI.cpp.o -sys-header-deps -D ANDROID -D _FORTIFY_SOURCE=2 -isysroot /home/finzarosalia14/android-ndk-r25c/toolchains/llvm/prebuilt/linux-x86_64/sysroot -internal-isystem /home/finzarosalia14/android-ndk-r25c/toolchains/llvm/prebuilt/linux-x86_64/sysroot/usr/include/c++/v1 -internal-isystem /home/finzarosalia14/android-ndk-r25c/toolchains/llvm/prebuilt/linux-x86_64/lib64/clang/14.0.7/include -internal-isystem /home/finzarosalia14/android-ndk-r25c/toolchains/llvm/prebuilt/linux-x86_64/sysroot/usr/local/include -internal-externc-isystem /home/finzarosalia14/android-ndk-r25c/toolchains/llvm/prebuilt/linux-x86_64/sysroot/usr/include/arm-linux-androideabi -internal-externc-isystem /home/finzarosalia14/android-ndk-r25c/toolchains/llvm/prebuilt/linux-x86_64/sysroot/include -internal-externc-isystem /home/finzarosalia14/android-ndk-r25c/toolchains/llvm/prebuilt/linux-x86_64/sysroot/usr/include -Wformat -fdeprecated-macro -fdebug-compilation-dir=/home/finzarosalia14/Unity-ImGUI-Android/build/armeabi-v7a/CMakeFiles/CMakeScratch/TryCompile-p8xmtT -ferror-limit 19 -stack-protector 2 -fno-signed-char -fgnuc-version=4.2.1 -fcxx-exceptions -fexceptions -D__GCC_HAVE_DWARF2_CFI_ASM=1 -o CMakeFiles/cmTC_be181.dir/CMakeCXXCompilerABI.cpp.o -x c++ /home/finzarosalia14/cmake-3.25.2-linux-x86_64/share/cmake-3.25/Modules/CMakeCXXCompilerABI.cpp]
  ignore line: [clang -cc1 version 14.0.7 based upon LLVM 14.0.7git default target x86_64-unknown-linux-gnu]
  ignore line: [ignoring nonexistent directory "/home/finzarosalia14/android-ndk-r25c/toolchains/llvm/prebuilt/linux-x86_64/sysroot/include"]
  ignore line: [#include "..." search starts here:]
  ignore line: [#include <...> search starts here:]
  ignore line: [ /home/finzarosalia14/android-ndk-r25c/toolchains/llvm/prebuilt/linux-x86_64/sysroot/usr/include/c++/v1]
  ignore line: [ /home/finzarosalia14/android-ndk-r25c/toolchains/llvm/prebuilt/linux-x86_64/lib64/clang/14.0.7/include]
  ignore line: [ /home/finzarosalia14/android-ndk-r25c/toolchains/llvm/prebuilt/linux-x86_64/sysroot/usr/local/include]
  ignore line: [ /home/finzarosalia14/android-ndk-r25c/toolchains/llvm/prebuilt/linux-x86_64/sysroot/usr/include/arm-linux-androideabi]
  ignore line: [ /home/finzarosalia14/android-ndk-r25c/toolchains/llvm/prebuilt/linux-x86_64/sysroot/usr/include]
  ignore line: [End of search list.]
  ignore line: [[2/2] Linking CXX executable cmTC_be181]
  ignore line: [Android (9352603  based on r450784d1) clang version 14.0.7 (https://android.googlesource.com/toolchain/llvm-project 4c603efb0cca074e9238af8b4106c30add4418f6)]
  ignore line: [Target: armv7-none-linux-android23]
  ignore line: [Thread model: posix]
  ignore line: [InstalledDir: /home/finzarosalia14/android-ndk-r25c/toolchains/llvm/prebuilt/linux-x86_64/bin]
  link line: [ "/home/finzarosalia14/android-ndk-r25c/toolchains/llvm/prebuilt/linux-x86_64/bin/ld" --sysroot=/home/finzarosalia14/android-ndk-r25c/toolchains/llvm/prebuilt/linux-x86_64/sysroot -pie -EL --warn-shared-textrel -z now -z relro -z max-page-size=4096 -X --hash-style=gnu --hash-style=both --enable-new-dtags --eh-frame-hdr -m armelf_linux_eabi -dynamic-linker /system/bin/linker -o cmTC_be181 /home/finzarosalia14/android-ndk-r25c/toolchains/llvm/prebuilt/linux-x86_64/sysroot/usr/lib/arm-linux-androideabi/23/crtbegin_dynamic.o -L/home/finzarosalia14/android-ndk-r25c/toolchains/llvm/prebuilt/linux-x86_64/lib64/clang/14.0.7/lib/linux/arm -L/home/finzarosalia14/android-ndk-r25c/toolchains/llvm/prebuilt/linux-x86_64/sysroot/usr/lib/arm-linux-androideabi/23 -L/home/finzarosalia14/android-ndk-r25c/toolchains/llvm/prebuilt/linux-x86_64/sysroot/usr/lib/arm-linux-androideabi -L/home/finzarosalia14/android-ndk-r25c/toolchains/llvm/prebuilt/linux-x86_64/sysroot/usr/lib/../lib -L/home/finzarosalia14/android-ndk-r25c/toolchains/llvm/prebuilt/linux-x86_64/sysroot/usr/lib --build-id=sha1 --no-rosegment --fatal-warnings --no-undefined CMakeFiles/cmTC_be181.dir/CMakeCXXCompilerABI.cpp.o -Bstatic -lc++ -Bdynamic -lm /home/finzarosalia14/android-ndk-r25c/toolchains/llvm/prebuilt/linux-x86_64/lib64/clang/14.0.7/lib/linux/libclang_rt.builtins-arm-android.a -l:libunwind.a -ldl -lc /home/finzarosalia14/android-ndk-r25c/toolchains/llvm/prebuilt/linux-x86_64/lib64/clang/14.0.7/lib/linux/libclang_rt.builtins-arm-android.a -l:libunwind.a -ldl /home/finzarosalia14/android-ndk-r25c/toolchains/llvm/prebuilt/linux-x86_64/sysroot/usr/lib/arm-linux-androideabi/23/crtend_android.o]
    arg [/home/finzarosalia14/android-ndk-r25c/toolchains/llvm/prebuilt/linux-x86_64/bin/ld] ==> ignore
    arg [--sysroot=/home/finzarosalia14/android-ndk-r25c/toolchains/llvm/prebuilt/linux-x86_64/sysroot] ==> ignore
    arg [-pie] ==> ignore
    arg [-EL] ==> ignore
    arg [--warn-shared-textrel] ==> ignore
    arg [-znow] ==> ignore
    arg [-zrelro] ==> ignore
    arg [-zmax-page-size=4096] ==> ignore
    arg [-X] ==> ignore
    arg [--hash-style=gnu] ==> ignore
    arg [--hash-style=both] ==> ignore
    arg [--enable-new-dtags] ==> ignore
    arg [--eh-frame-hdr] ==> ignore
    arg [-m] ==> ignore
    arg [armelf_linux_eabi] ==> ignore
    arg [-dynamic-linker] ==> ignore
    arg [/system/bin/linker] ==> ignore
    arg [-o] ==> ignore
    arg [cmTC_be181] ==> ignore
    arg [/home/finzarosalia14/android-ndk-r25c/toolchains/llvm/prebuilt/linux-x86_64/sysroot/usr/lib/arm-linux-androideabi/23/crtbegin_dynamic.o] ==> obj [/home/finzarosalia14/android-ndk-r25c/toolchains/llvm/prebuilt/linux-x86_64/sysroot/usr/lib/arm-linux-androideabi/23/crtbegin_dynamic.o]
    arg [-L/home/finzarosalia14/android-ndk-r25c/toolchains/llvm/prebuilt/linux-x86_64/lib64/clang/14.0.7/lib/linux/arm] ==> dir [/home/finzarosalia14/android-ndk-r25c/toolchains/llvm/prebuilt/linux-x86_64/lib64/clang/14.0.7/lib/linux/arm]
    arg [-L/home/finzarosalia14/android-ndk-r25c/toolchains/llvm/prebuilt/linux-x86_64/sysroot/usr/lib/arm-linux-androideabi/23] ==> dir [/home/finzarosalia14/android-ndk-r25c/toolchains/llvm/prebuilt/linux-x86_64/sysroot/usr/lib/arm-linux-androideabi/23]
    arg [-L/home/finzarosalia14/android-ndk-r25c/toolchains/llvm/prebuilt/linux-x86_64/sysroot/usr/lib/arm-linux-androideabi] ==> dir [/home/finzarosalia14/android-ndk-r25c/toolchains/llvm/prebuilt/linux-x86_64/sysroot/usr/lib/arm-linux-androideabi]
    arg [-L/home/finzarosalia14/android-ndk-r25c/toolchains/llvm/prebuilt/linux-x86_64/sysroot/usr/lib/../lib] ==> dir [/home/finzarosalia14/android-ndk-r25c/toolchains/llvm/prebuilt/linux-x86_64/sysroot/usr/lib/../lib]
    arg [-L/home/finzarosalia14/android-ndk-r25c/toolchains/llvm/prebuilt/linux-x86_64/sysroot/usr/lib] ==> dir [/home/finzarosalia14/android-ndk-r25c/toolchains/llvm/prebuilt/linux-x86_64/sysroot/usr/lib]
    arg [--build-id=sha1] ==> ignore
    arg [--no-rosegment] ==> ignore
    arg [--fatal-warnings] ==> ignore
    arg [--no-undefined] ==> ignore
    arg [CMakeFiles/cmTC_be181.dir/CMakeCXXCompilerABI.cpp.o] ==> ignore
    arg [-Bstatic] ==> search static
    arg [-lc++] ==> lib [c++]
    arg [-Bdynamic] ==> search dynamic
    arg [-lm] ==> lib [m]
    arg [/home/finzarosalia14/android-ndk-r25c/toolchains/llvm/prebuilt/linux-x86_64/lib64/clang/14.0.7/lib/linux/libclang_rt.builtins-arm-android.a] ==> lib [/home/finzarosalia14/android-ndk-r25c/toolchains/llvm/prebuilt/linux-x86_64/lib64/clang/14.0.7/lib/linux/libclang_rt.builtins-arm-android.a]
    arg [-l:libunwind.a] ==> lib [-l:libunwind.a]
    arg [-ldl] ==> lib [dl]
    arg [-lc] ==> lib [c]
    arg [/home/finzarosalia14/android-ndk-r25c/toolchains/llvm/prebuilt/linux-x86_64/lib64/clang/14.0.7/lib/linux/libclang_rt.builtins-arm-android.a] ==> lib [/home/finzarosalia14/android-ndk-r25c/toolchains/llvm/prebuilt/linux-x86_64/lib64/clang/14.0.7/lib/linux/libclang_rt.builtins-arm-android.a]
    arg [-l:libunwind.a] ==> lib [-l:libunwind.a]
    arg [-ldl] ==> lib [dl]
    arg [/home/finzarosalia14/android-ndk-r25c/toolchains/llvm/prebuilt/linux-x86_64/sysroot/usr/lib/arm-linux-androideabi/23/crtend_android.o] ==> obj [/home/finzarosalia14/android-ndk-r25c/toolchains/llvm/prebuilt/linux-x86_64/sysroot/usr/lib/arm-linux-androideabi/23/crtend_android.o]
  remove lib [/home/finzarosalia14/android-ndk-r25c/toolchains/llvm/prebuilt/linux-x86_64/lib64/clang/14.0.7/lib/linux/libclang_rt.builtins-arm-android.a]
  remove lib [/home/finzarosalia14/android-ndk-r25c/toolchains/llvm/prebuilt/linux-x86_64/lib64/clang/14.0.7/lib/linux/libclang_rt.builtins-arm-android.a]
  collapse library dir [/home/finzarosalia14/android-ndk-r25c/toolchains/llvm/prebuilt/linux-x86_64/lib64/clang/14.0.7/lib/linux/arm] ==> [/home/finzarosalia14/android-ndk-r25c/toolchains/llvm/prebuilt/linux-x86_64/lib64/clang/14.0.7/lib/linux/arm]
  collapse library dir [/home/finzarosalia14/android-ndk-r25c/toolchains/llvm/prebuilt/linux-x86_64/sysroot/usr/lib/arm-linux-androideabi/23] ==> [/home/finzarosalia14/android-ndk-r25c/toolchains/llvm/prebuilt/linux-x86_64/sysroot/usr/lib/arm-linux-androideabi/23]
  collapse library dir [/home/finzarosalia14/android-ndk-r25c/toolchains/llvm/prebuilt/linux-x86_64/sysroot/usr/lib/arm-linux-androideabi] ==> [/home/finzarosalia14/android-ndk-r25c/toolchains/llvm/prebuilt/linux-x86_64/sysroot/usr/lib/arm-linux-androideabi]
  collapse library dir [/home/finzarosalia14/android-ndk-r25c/toolchains/llvm/prebuilt/linux-x86_64/sysroot/usr/lib/../lib] ==> [/home/finzarosalia14/android-ndk-r25c/toolchains/llvm/prebuilt/linux-x86_64/sysroot/usr/lib]
  collapse library dir [/home/finzarosalia14/android-ndk-r25c/toolchains/llvm/prebuilt/linux-x86_64/sysroot/usr/lib] ==> [/home/finzarosalia14/android-ndk-r25c/toolchains/llvm/prebuilt/linux-x86_64/sysroot/usr/lib]
  implicit libs: [c++;m;-l:libunwind.a;dl;c;-l:libunwind.a;dl]
  implicit objs: [/home/finzarosalia14/android-ndk-r25c/toolchains/llvm/prebuilt/linux-x86_64/sysroot/usr/lib/arm-linux-androideabi/23/crtbegin_dynamic.o;/home/finzarosalia14/android-ndk-r25c/toolchains/llvm/prebuilt/linux-x86_64/sysroot/usr/lib/arm-linux-androideabi/23/crtend_android.o]
  implicit dirs: [/home/finzarosalia14/android-ndk-r25c/toolchains/llvm/prebuilt/linux-x86_64/lib64/clang/14.0.7/lib/linux/arm;/home/finzarosalia14/android-ndk-r25c/toolchains/llvm/prebuilt/linux-x86_64/sysroot/usr/lib/arm-linux-androideabi/23;/home/finzarosalia14/android-ndk-r25c/toolchains/llvm/prebuilt/linux-x86_64/sysroot/usr/lib/arm-linux-androideabi;/home/finzarosalia14/android-ndk-r25c/toolchains/llvm/prebuilt/linux-x86_64/sysroot/usr/lib]
  implicit fwks: []


Checking whether the ASM compiler is Clang using "--version" matched "(clang version)":
Android (9352603, based on r450784d1) clang version 14.0.7 (https://android.googlesource.com/toolchain/llvm-project 4c603efb0cca074e9238af8b4106c30add4418f6)
Target: x86_64-unknown-linux-gnu
Thread model: posix
InstalledDir: /home/finzarosalia14/android-ndk-r25c/toolchains/llvm/prebuilt/linux-x86_64/bin
